{
  "RSpec": {
    "coverage": {
      "/Users/cc066240/myWorkspace/TreeStructure/spec/controllers/trees_controller_spec.rb": [
        1,
        null,
        1,
        null,
        1,
        1,
        1,
        1,
        1,
        null,
        null,
        1,
        1,
        1,
        1,
        1,
        null,
        null,
        null,
        null,
        1,
        1,
        1,
        1,
        1,
        null,
        null,
        1,
        1,
        1,
        1,
        1,
        null,
        null,
        null,
        null,
        1,
        1,
        1,
        1,
        1,
        null,
        null,
        1,
        1,
        1,
        1,
        1,
        null,
        null,
        null,
        null
      ],
      "/Users/cc066240/myWorkspace/TreeStructure/spec/rails_helper.rb": [
        null,
        1,
        1,
        1,
        null,
        1,
        1,
        null,
        null,
        null,
        null,
        null,
        null,
        null,
        null,
        null,
        null,
        null,
        null,
        null,
        null,
        null,
        null,
        null,
        null,
        null,
        1,
        1,
        null,
        0,
        0,
        null,
        1,
        null,
        1,
        null,
        null,
        null,
        null,
        1,
        null,
        null,
        null,
        null,
        null,
        null,
        null,
        null,
        null,
        null,
        null,
        null,
        null,
        null,
        1,
        null,
        null,
        1,
        null,
        null,
        null
      ],
      "/Users/cc066240/myWorkspace/TreeStructure/config/environment.rb": [
        null,
        1,
        null,
        null,
        1
      ],
      "/Users/cc066240/myWorkspace/TreeStructure/config/application.rb": [
        1,
        null,
        1,
        null,
        1,
        1,
        1,
        1,
        1,
        1,
        1,
        1,
        null,
        1,
        null,
        null,
        null,
        1,
        null,
        1,
        1,
        null,
        1,
        null,
        null,
        null,
        null,
        null,
        null,
        null,
        null,
        null,
        1,
        null,
        null
      ],
      "/Users/cc066240/myWorkspace/TreeStructure/config/boot.rb": [
        1,
        null,
        1,
        1
      ],
      "/Users/cc066240/myWorkspace/TreeStructure/config/environments/test.rb": [
        1,
        null,
        null,
        null,
        null,
        null,
        null,
        1,
        null,
        null,
        null,
        null,
        1,
        null,
        null,
        1,
        1,
        null,
        null,
        null,
        null,
        1,
        1,
        null,
        null,
        1,
        null,
        null,
        1,
        null,
        null,
        1,
        null,
        1,
        null,
        null,
        null,
        null,
        1,
        null,
        null,
        1,
        null,
        null,
        null,
        null
      ],
      "/Users/cc066240/myWorkspace/TreeStructure/config/initializers/application_controller_renderer.rb": [
        null,
        null,
        null,
        null,
        null,
        null,
        null,
        null
      ],
      "/Users/cc066240/myWorkspace/TreeStructure/config/initializers/backtrace_silencers.rb": [
        null,
        null,
        null,
        null,
        null,
        null,
        null
      ],
      "/Users/cc066240/myWorkspace/TreeStructure/config/initializers/cors.rb": [
        null,
        null,
        null,
        null,
        null,
        null,
        null,
        null,
        null,
        null,
        null,
        null,
        null,
        null,
        null,
        null
      ],
      "/Users/cc066240/myWorkspace/TreeStructure/config/initializers/filter_parameter_logging.rb": [
        null,
        null,
        null,
        1
      ],
      "/Users/cc066240/myWorkspace/TreeStructure/config/initializers/inflections.rb": [
        null,
        null,
        null,
        null,
        null,
        null,
        null,
        null,
        null,
        null,
        null,
        null,
        null,
        null,
        null,
        null
      ],
      "/Users/cc066240/myWorkspace/TreeStructure/config/initializers/mime_types.rb": [
        null,
        null,
        null,
        null
      ],
      "/Users/cc066240/myWorkspace/TreeStructure/config/initializers/wrap_parameters.rb": [
        null,
        null,
        null,
        null,
        null,
        null,
        1,
        2,
        null,
        null,
        null,
        null,
        null,
        null
      ],
      "/Users/cc066240/myWorkspace/TreeStructure/config/routes.rb": [
        1,
        1,
        1,
        1,
        1,
        1,
        1,
        null,
        null
      ],
      "/Users/cc066240/myWorkspace/TreeStructure/app/controllers/trees_controller.rb": [
        1,
        1,
        null,
        1,
        2,
        null,
        null,
        1,
        2,
        2,
        1,
        1,
        null,
        2,
        null,
        null,
        1,
        2,
        2,
        1,
        1,
        null,
        1,
        null,
        2,
        null,
        1,
        null,
        1,
        6,
        6,
        6,
        6,
        6,
        6,
        null,
        3,
        null,
        null,
        6,
        null,
        null,
        null
      ],
      "/Users/cc066240/myWorkspace/TreeStructure/app/controllers/application_controller.rb": [
        1,
        null
      ],
      "/Users/cc066240/myWorkspace/TreeStructure/app/models/concerns/ancestry.rb": [
        1,
        null,
        1,
        249,
        null,
        249,
        47,
        16,
        16,
        46,
        null,
        null,
        null,
        null,
        249,
        101,
        null,
        100,
        100,
        null,
        101,
        101,
        null,
        null,
        249,
        1,
        null,
        null,
        null,
        null,
        null,
        null
      ],
      "/Users/cc066240/myWorkspace/TreeStructure/app/models/tree.rb": [
        1,
        7,
        1,
        null
      ],
      "/Users/cc066240/myWorkspace/TreeStructure/app/models/application_record.rb": [
        1,
        1,
        null
      ]
    },
    "timestamp": 1553354627
  }
}
